<?xml version="1.0" encoding="utf-8"?><testsuites name="pytest tests"><testsuite name="pytest" errors="0" failures="0" skipped="0" tests="11" time="1.743" timestamp="2026-04-24T04:41:59.863734+00:00" hostname="agent-env-adec25b6-92b1-41db-ab22-db6c8ecd6db8"><testcase classname="backend.tests.test_traffic_risk_api.TestMeta" name="test_root" time="0.166" /><testcase classname="backend.tests.test_traffic_risk_api.TestMeta" name="test_weather_options" time="0.047" /><testcase classname="backend.tests.test_traffic_risk_api.TestMeta" name="test_model_info" time="0.047" /><testcase classname="backend.tests.test_traffic_risk_api.TestPredict" name="test_benign_inputs" time="0.054" /><testcase classname="backend.tests.test_traffic_risk_api.TestPredict" name="test_dangerous_inputs" time="0.047" /><testcase classname="backend.tests.test_traffic_risk_api.TestPredict" name="test_invalid_weather_condition" time="0.050" /><testcase classname="backend.tests.test_traffic_risk_api.TestPredict" name="test_out_of_range_temperature" time="0.051" /><testcase classname="backend.tests.test_traffic_risk_api.TestPredict" name="test_out_of_range_humidity" time="0.051" /><testcase classname="backend.tests.test_traffic_risk_api.TestHistory" name="test_history_returns_recent" time="0.597" /><testcase classname="backend.tests.test_traffic_risk_api.TestSettings" name="test_post_short_key_fails" time="0.055" /><testcase classname="backend.tests.test_traffic_risk_api.TestSettings" name="test_live_data_without_or_invalid_key" time="0.479" /></testsuite></testsuites>